D:\WORK\[WORK_IN-HOUSE TOOL]\THRUST_MEASURE_SYSTEM\THRUSTMEASUREMENT\THRUSTMEASUREMENT\RELEASE\TEMPSENSOR.OBJ
D:\WORK\[WORK_IN-HOUSE TOOL]\THRUST_MEASURE_SYSTEM\THRUSTMEASUREMENT\THRUSTMEASUREMENT\RELEASE\MAIN.OBJ
D:\WORK\[WORK_IN-HOUSE TOOL]\THRUST_MEASURE_SYSTEM\THRUSTMEASUREMENT\THRUSTMEASUREMENT\RELEASE\LOADCELL.OBJ
D:\WORK\[WORK_IN-HOUSE TOOL]\THRUST_MEASURE_SYSTEM\THRUSTMEASUREMENT\THRUSTMEASUREMENT\RELEASE\JETCAT_RSP.OBJ
D:\WORK\[WORK_IN-HOUSE TOOL]\THRUST_MEASURE_SYSTEM\THRUSTMEASUREMENT\THRUSTMEASUREMENT\RELEASE\JETCAT_CMD.OBJ
D:\WORK\[WORK_IN-HOUSE TOOL]\THRUST_MEASURE_SYSTEM\THRUSTMEASUREMENT\THRUSTMEASUREMENT\RELEASE\ENGINE_MSG_PARSER.OBJ
D:\WORK\[WORK_IN-HOUSE TOOL]\THRUST_MEASURE_SYSTEM\THRUSTMEASUREMENT\THRUSTMEASUREMENT\RELEASE\ENGINE_CMD_MSG.OBJ
D:\WORK\[WORK_IN-HOUSE TOOL]\THRUST_MEASURE_SYSTEM\THRUSTMEASUREMENT\THRUSTMEASUREMENT\RELEASE\VC110.PDB
D:\WORK\[WORK_IN-HOUSE TOOL]\THRUST_MEASURE_SYSTEM\THRUSTMEASUREMENT\RELEASE\THRUSTMEASUREMENT.EXE
D:\WORK\[WORK_IN-HOUSE TOOL]\THRUST_MEASURE_SYSTEM\THRUSTMEASUREMENT\RELEASE\THRUSTMEASUREMENT.PDB
D:\WORK\[WORK_IN-HOUSE TOOL]\THRUST_MEASURE_SYSTEM\THRUSTMEASUREMENT\THRUSTMEASUREMENT\RELEASE\THRUSTMEASUREMENT.RES
D:\work\[work_In-House Tool]\Thrust_Measure_System\ThrustMeasurement\ThrustMeasurement\Release\Engine_CMD_Msg.obj
D:\work\[work_In-House Tool]\Thrust_Measure_System\ThrustMeasurement\ThrustMeasurement\Release\Engine_Msg_Parser.obj
D:\work\[work_In-House Tool]\Thrust_Measure_System\ThrustMeasurement\ThrustMeasurement\Release\JetCat_CMD.obj
D:\work\[work_In-House Tool]\Thrust_Measure_System\ThrustMeasurement\ThrustMeasurement\Release\JetCat_RSP.obj
D:\work\[work_In-House Tool]\Thrust_Measure_System\ThrustMeasurement\ThrustMeasurement\Release\LoadCell.obj
D:\work\[work_In-House Tool]\Thrust_Measure_System\ThrustMeasurement\ThrustMeasurement\Release\main.obj
D:\work\[work_In-House Tool]\Thrust_Measure_System\ThrustMeasurement\ThrustMeasurement\Release\TempSensor.obj
D:\work\[work_In-House Tool]\Thrust_Measure_System\ThrustMeasurement\ThrustMeasurement\Release\cl.command.1.tlog
D:\work\[work_In-House Tool]\Thrust_Measure_System\ThrustMeasurement\ThrustMeasurement\Release\CL.read.1.tlog
D:\work\[work_In-House Tool]\Thrust_Measure_System\ThrustMeasurement\ThrustMeasurement\Release\CL.write.1.tlog
D:\work\[work_In-House Tool]\Thrust_Measure_System\ThrustMeasurement\ThrustMeasurement\Release\link-cvtres.read.1.tlog
D:\work\[work_In-House Tool]\Thrust_Measure_System\ThrustMeasurement\ThrustMeasurement\Release\link-cvtres.write.1.tlog
D:\work\[work_In-House Tool]\Thrust_Measure_System\ThrustMeasurement\ThrustMeasurement\Release\link-rc.read.1.tlog
D:\work\[work_In-House Tool]\Thrust_Measure_System\ThrustMeasurement\ThrustMeasurement\Release\link-rc.write.1.tlog
D:\work\[work_In-House Tool]\Thrust_Measure_System\ThrustMeasurement\ThrustMeasurement\Release\link.command.1.tlog
D:\work\[work_In-House Tool]\Thrust_Measure_System\ThrustMeasurement\ThrustMeasurement\Release\link.read.1.tlog
D:\work\[work_In-House Tool]\Thrust_Measure_System\ThrustMeasurement\ThrustMeasurement\Release\link.write.1.tlog
D:\work\[work_In-House Tool]\Thrust_Measure_System\ThrustMeasurement\ThrustMeasurement\Release\rc.command.1.tlog
D:\work\[work_In-House Tool]\Thrust_Measure_System\ThrustMeasurement\ThrustMeasurement\Release\rc.read.1.tlog
D:\work\[work_In-House Tool]\Thrust_Measure_System\ThrustMeasurement\ThrustMeasurement\Release\rc.write.1.tlog
D:\work\[work_In-House Tool]\Thrust_Measure_System\ThrustMeasurement\ThrustMeasurement\Release\ThrustMeasurement.res
D:\work\[work_In-House Tool]\Thrust_Measure_System\ThrustMeasurement\ThrustMeasurement\Release\vc110.pdb
D:\work\[work_In-House Tool]\Thrust_Measure_System\ThrustMeasurement\Release\ThrustMeasurement.pdb
D:\work\[work_In-House Tool]\Thrust_Measure_System\ThrustMeasurement\Release\ThrustMeasurement.exe
