D:\WORK\[WORK_IN-HOUSE TOOL]\THRUST_MEASURE_SYSTEM\THRUSTMEASUREMENT\THRUSTMEASUREMENT\DEBUG\ENGINE_CMD_MSG.OBJ
D:\WORK\[WORK_IN-HOUSE TOOL]\THRUST_MEASURE_SYSTEM\THRUSTMEASUREMENT\THRUSTMEASUREMENT\DEBUG\ENGINE_MSG_PARSER.OBJ
D:\WORK\[WORK_IN-HOUSE TOOL]\THRUST_MEASURE_SYSTEM\THRUSTMEASUREMENT\THRUSTMEASUREMENT\DEBUG\JETCAT_CMD.OBJ
D:\WORK\[WORK_IN-HOUSE TOOL]\THRUST_MEASURE_SYSTEM\THRUSTMEASUREMENT\THRUSTMEASUREMENT\DEBUG\JETCAT_RSP.OBJ
D:\WORK\[WORK_IN-HOUSE TOOL]\THRUST_MEASURE_SYSTEM\THRUSTMEASUREMENT\THRUSTMEASUREMENT\DEBUG\LOADCELL.OBJ
D:\WORK\[WORK_IN-HOUSE TOOL]\THRUST_MEASURE_SYSTEM\THRUSTMEASUREMENT\THRUSTMEASUREMENT\DEBUG\MAIN.OBJ
D:\WORK\[WORK_IN-HOUSE TOOL]\THRUST_MEASURE_SYSTEM\THRUSTMEASUREMENT\THRUSTMEASUREMENT\DEBUG\TEMPSENSOR.OBJ
D:\WORK\[WORK_IN-HOUSE TOOL]\THRUST_MEASURE_SYSTEM\THRUSTMEASUREMENT\THRUSTMEASUREMENT\DEBUG\VC110.PDB
D:\WORK\[WORK_IN-HOUSE TOOL]\THRUST_MEASURE_SYSTEM\THRUSTMEASUREMENT\DEBUG\THRUSTMEASUREMENT.ILK
D:\WORK\[WORK_IN-HOUSE TOOL]\THRUST_MEASURE_SYSTEM\THRUSTMEASUREMENT\DEBUG\THRUSTMEASUREMENT.EXE
D:\WORK\[WORK_IN-HOUSE TOOL]\THRUST_MEASURE_SYSTEM\THRUSTMEASUREMENT\DEBUG\THRUSTMEASUREMENT.PDB
D:\WORK\[WORK_IN-HOUSE TOOL]\THRUST_MEASURE_SYSTEM\THRUSTMEASUREMENT\THRUSTMEASUREMENT\DEBUG\THRUSTMEASUREMENT.RES
D:\work\[work_In-House Tool]\Thrust_Measure_System\ThrustMeasurement\ThrustMeasurement\Debug\Engine_CMD_Msg.obj
D:\work\[work_In-House Tool]\Thrust_Measure_System\ThrustMeasurement\ThrustMeasurement\Debug\Engine_Msg_Parser.obj
D:\work\[work_In-House Tool]\Thrust_Measure_System\ThrustMeasurement\ThrustMeasurement\Debug\JetCat_CMD.obj
D:\work\[work_In-House Tool]\Thrust_Measure_System\ThrustMeasurement\ThrustMeasurement\Debug\JetCat_RSP.obj
D:\work\[work_In-House Tool]\Thrust_Measure_System\ThrustMeasurement\ThrustMeasurement\Debug\LoadCell.obj
D:\work\[work_In-House Tool]\Thrust_Measure_System\ThrustMeasurement\ThrustMeasurement\Debug\main.obj
D:\work\[work_In-House Tool]\Thrust_Measure_System\ThrustMeasurement\ThrustMeasurement\Debug\TempSensor.obj
D:\work\[work_In-House Tool]\Thrust_Measure_System\ThrustMeasurement\ThrustMeasurement\Debug\cl.command.1.tlog
D:\work\[work_In-House Tool]\Thrust_Measure_System\ThrustMeasurement\ThrustMeasurement\Debug\CL.read.1.tlog
D:\work\[work_In-House Tool]\Thrust_Measure_System\ThrustMeasurement\ThrustMeasurement\Debug\CL.write.1.tlog
D:\work\[work_In-House Tool]\Thrust_Measure_System\ThrustMeasurement\ThrustMeasurement\Debug\link-cvtres.read.1.tlog
D:\work\[work_In-House Tool]\Thrust_Measure_System\ThrustMeasurement\ThrustMeasurement\Debug\link-cvtres.write.1.tlog
D:\work\[work_In-House Tool]\Thrust_Measure_System\ThrustMeasurement\ThrustMeasurement\Debug\link-rc.read.1.tlog
D:\work\[work_In-House Tool]\Thrust_Measure_System\ThrustMeasurement\ThrustMeasurement\Debug\link-rc.write.1.tlog
D:\work\[work_In-House Tool]\Thrust_Measure_System\ThrustMeasurement\ThrustMeasurement\Debug\link.command.1.tlog
D:\work\[work_In-House Tool]\Thrust_Measure_System\ThrustMeasurement\ThrustMeasurement\Debug\link.read.1.tlog
D:\work\[work_In-House Tool]\Thrust_Measure_System\ThrustMeasurement\ThrustMeasurement\Debug\link.write.1.tlog
D:\work\[work_In-House Tool]\Thrust_Measure_System\ThrustMeasurement\ThrustMeasurement\Debug\rc.command.1.tlog
D:\work\[work_In-House Tool]\Thrust_Measure_System\ThrustMeasurement\ThrustMeasurement\Debug\rc.read.1.tlog
D:\work\[work_In-House Tool]\Thrust_Measure_System\ThrustMeasurement\ThrustMeasurement\Debug\rc.write.1.tlog
D:\work\[work_In-House Tool]\Thrust_Measure_System\ThrustMeasurement\ThrustMeasurement\Debug\ThrustMeasurement.res
D:\work\[work_In-House Tool]\Thrust_Measure_System\ThrustMeasurement\ThrustMeasurement\Debug\vc110.idb
D:\work\[work_In-House Tool]\Thrust_Measure_System\ThrustMeasurement\ThrustMeasurement\Debug\vc110.pdb
D:\work\[work_In-House Tool]\Thrust_Measure_System\ThrustMeasurement\Debug\ThrustMeasurement.pdb
D:\work\[work_In-House Tool]\Thrust_Measure_System\ThrustMeasurement\Debug\ThrustMeasurement.exe
D:\work\[work_In-House Tool]\Thrust_Measure_System\ThrustMeasurement\Debug\ThrustMeasurement.ilk
