Build started 2023-03-09 오전 12:07:29.
     1>Project "D:\work\[work_In-House Tool]\Thrust_Measure_System\ThrustMeasurement\ThrustMeasurement\ThrustMeasurement.vcxproj" on node 2 (Rebuild target(s)).
     1>ClCompile:
         C:\Program Files (x86)\Microsoft Visual Studio 11.0\VC\bin\CL.exe /c /I"C:\Program Files (x86)\IVI Foundation\VISA\WinNT\include" /I"C:\Program Files (x86)\National Instruments\Shared\ExternalCompilerSupport\C\\include" /ZI /nologo /W3 /WX- /Od /Oy- /D WIN32 /D _DEBUG /D _WINDOWS /D _MBCS /Gm /EHsc /RTC1 /MDd /GS /fp:precise /Zc:wchar_t /Zc:forScope /Fo"Debug\\" /Fd"Debug\vc110.pdb" /Gd /TC /analyze- /errorReport:prompt Engine_CMD_Msg.c Engine_Msg_Parser.c JetCat_CMD.c JetCat_RSP.c LoadCell.c main.c TempSensor.c
         TempSensor.c
     1>c:\program files (x86)\national instruments\shared\externalcompilersupport\c\include\nixnet.h : warning C4819: The file contains a character that cannot be represented in the current code page (949). Save the file in Unicode format to prevent data loss
         main.c
     1>c:\program files (x86)\national instruments\shared\externalcompilersupport\c\include\nixnet.h : warning C4819: The file contains a character that cannot be represented in the current code page (949). Save the file in Unicode format to prevent data loss
     1>d:\work\[work_in-house tool]\thrust_measure_system\thrustmeasurement\thrustmeasurement\main.c(296): warning C4996: 'sprintf': This function or variable may be unsafe. Consider using sprintf_s instead. To disable deprecation, use _CRT_SECURE_NO_WARNINGS. See online help for details.
                 c:\program files (x86)\microsoft visual studio 11.0\vc\include\stdio.h(357) : see declaration of 'sprintf'
     1>d:\work\[work_in-house tool]\thrust_measure_system\thrustmeasurement\thrustmeasurement\main.c(316): warning C4047: 'function' : 'const char *' differs in levels of indirection from 'unsigned char (*)[30]'
     1>d:\work\[work_in-house tool]\thrust_measure_system\thrustmeasurement\thrustmeasurement\main.c(316): warning C4024: 'rs232LoadCell_1_Recv' : different types for formal and actual parameter 2
     1>d:\work\[work_in-house tool]\thrust_measure_system\thrustmeasurement\thrustmeasurement\main.c(344): warning C4047: 'function' : 'const char *' differs in levels of indirection from 'unsigned char (*)[16]'
     1>d:\work\[work_in-house tool]\thrust_measure_system\thrustmeasurement\thrustmeasurement\main.c(344): warning C4024: 'rs232TempRecv' : different types for formal and actual parameter 2
     1>d:\work\[work_in-house tool]\thrust_measure_system\thrustmeasurement\thrustmeasurement\main.c(616): warning C4996: 'sprintf': This function or variable may be unsafe. Consider using sprintf_s instead. To disable deprecation, use _CRT_SECURE_NO_WARNINGS. See online help for details.
                 c:\program files (x86)\microsoft visual studio 11.0\vc\include\stdio.h(357) : see declaration of 'sprintf'
     1>d:\work\[work_in-house tool]\thrust_measure_system\thrustmeasurement\thrustmeasurement\main.c(620): warning C4996: 'sprintf': This function or variable may be unsafe. Consider using sprintf_s instead. To disable deprecation, use _CRT_SECURE_NO_WARNINGS. See online help for details.
                 c:\program files (x86)\microsoft visual studio 11.0\vc\include\stdio.h(357) : see declaration of 'sprintf'
     1>d:\work\[work_in-house tool]\thrust_measure_system\thrustmeasurement\thrustmeasurement\main.c(625): warning C4996: 'sprintf': This function or variable may be unsafe. Consider using sprintf_s instead. To disable deprecation, use _CRT_SECURE_NO_WARNINGS. See online help for details.
                 c:\program files (x86)\microsoft visual studio 11.0\vc\include\stdio.h(357) : see declaration of 'sprintf'
     1>d:\work\[work_in-house tool]\thrust_measure_system\thrustmeasurement\thrustmeasurement\main.c(631): warning C4996: 'sprintf': This function or variable may be unsafe. Consider using sprintf_s instead. To disable deprecation, use _CRT_SECURE_NO_WARNINGS. See online help for details.
                 c:\program files (x86)\microsoft visual studio 11.0\vc\include\stdio.h(357) : see declaration of 'sprintf'
     1>d:\work\[work_in-house tool]\thrust_measure_system\thrustmeasurement\thrustmeasurement\main.c(637): warning C4996: 'sprintf': This function or variable may be unsafe. Consider using sprintf_s instead. To disable deprecation, use _CRT_SECURE_NO_WARNINGS. See online help for details.
                 c:\program files (x86)\microsoft visual studio 11.0\vc\include\stdio.h(357) : see declaration of 'sprintf'
     1>d:\work\[work_in-house tool]\thrust_measure_system\thrustmeasurement\thrustmeasurement\main.c(643): warning C4996: 'sprintf': This function or variable may be unsafe. Consider using sprintf_s instead. To disable deprecation, use _CRT_SECURE_NO_WARNINGS. See online help for details.
                 c:\program files (x86)\microsoft visual studio 11.0\vc\include\stdio.h(357) : see declaration of 'sprintf'
     1>d:\work\[work_in-house tool]\thrust_measure_system\thrustmeasurement\thrustmeasurement\main.c(649): warning C4996: 'sprintf': This function or variable may be unsafe. Consider using sprintf_s instead. To disable deprecation, use _CRT_SECURE_NO_WARNINGS. See online help for details.
                 c:\program files (x86)\microsoft visual studio 11.0\vc\include\stdio.h(357) : see declaration of 'sprintf'
     1>d:\work\[work_in-house tool]\thrust_measure_system\thrustmeasurement\thrustmeasurement\main.c(655): warning C4996: 'sprintf': This function or variable may be unsafe. Consider using sprintf_s instead. To disable deprecation, use _CRT_SECURE_NO_WARNINGS. See online help for details.
                 c:\program files (x86)\microsoft visual studio 11.0\vc\include\stdio.h(357) : see declaration of 'sprintf'
     1>d:\work\[work_in-house tool]\thrust_measure_system\thrustmeasurement\thrustmeasurement\main.c(661): warning C4996: 'sprintf': This function or variable may be unsafe. Consider using sprintf_s instead. To disable deprecation, use _CRT_SECURE_NO_WARNINGS. See online help for details.
                 c:\program files (x86)\microsoft visual studio 11.0\vc\include\stdio.h(357) : see declaration of 'sprintf'
     1>d:\work\[work_in-house tool]\thrust_measure_system\thrustmeasurement\thrustmeasurement\main.c(667): warning C4996: 'sprintf': This function or variable may be unsafe. Consider using sprintf_s instead. To disable deprecation, use _CRT_SECURE_NO_WARNINGS. See online help for details.
                 c:\program files (x86)\microsoft visual studio 11.0\vc\include\stdio.h(357) : see declaration of 'sprintf'
     1>d:\work\[work_in-house tool]\thrust_measure_system\thrustmeasurement\thrustmeasurement\main.c(673): warning C4996: 'sprintf': This function or variable may be unsafe. Consider using sprintf_s instead. To disable deprecation, use _CRT_SECURE_NO_WARNINGS. See online help for details.
                 c:\program files (x86)\microsoft visual studio 11.0\vc\include\stdio.h(357) : see declaration of 'sprintf'
     1>d:\work\[work_in-house tool]\thrust_measure_system\thrustmeasurement\thrustmeasurement\main.c(679): warning C4996: 'sprintf': This function or variable may be unsafe. Consider using sprintf_s instead. To disable deprecation, use _CRT_SECURE_NO_WARNINGS. See online help for details.
                 c:\program files (x86)\microsoft visual studio 11.0\vc\include\stdio.h(357) : see declaration of 'sprintf'
     1>d:\work\[work_in-house tool]\thrust_measure_system\thrustmeasurement\thrustmeasurement\main.c(685): warning C4996: 'sprintf': This function or variable may be unsafe. Consider using sprintf_s instead. To disable deprecation, use _CRT_SECURE_NO_WARNINGS. See online help for details.
                 c:\program files (x86)\microsoft visual studio 11.0\vc\include\stdio.h(357) : see declaration of 'sprintf'
     1>d:\work\[work_in-house tool]\thrust_measure_system\thrustmeasurement\thrustmeasurement\main.c(691): warning C4996: 'sprintf': This function or variable may be unsafe. Consider using sprintf_s instead. To disable deprecation, use _CRT_SECURE_NO_WARNINGS. See online help for details.
                 c:\program files (x86)\microsoft visual studio 11.0\vc\include\stdio.h(357) : see declaration of 'sprintf'
     1>d:\work\[work_in-house tool]\thrust_measure_system\thrustmeasurement\thrustmeasurement\main.c(697): warning C4996: 'sprintf': This function or variable may be unsafe. Consider using sprintf_s instead. To disable deprecation, use _CRT_SECURE_NO_WARNINGS. See online help for details.
                 c:\program files (x86)\microsoft visual studio 11.0\vc\include\stdio.h(357) : see declaration of 'sprintf'
     1>d:\work\[work_in-house tool]\thrust_measure_system\thrustmeasurement\thrustmeasurement\main.c(706): warning C4996: 'sprintf': This function or variable may be unsafe. Consider using sprintf_s instead. To disable deprecation, use _CRT_SECURE_NO_WARNINGS. See online help for details.
                 c:\program files (x86)\microsoft visual studio 11.0\vc\include\stdio.h(357) : see declaration of 'sprintf'
     1>d:\work\[work_in-house tool]\thrust_measure_system\thrustmeasurement\thrustmeasurement\main.c(710): warning C4996: 'sprintf': This function or variable may be unsafe. Consider using sprintf_s instead. To disable deprecation, use _CRT_SECURE_NO_WARNINGS. See online help for details.
                 c:\program files (x86)\microsoft visual studio 11.0\vc\include\stdio.h(357) : see declaration of 'sprintf'
     1>d:\work\[work_in-house tool]\thrust_measure_system\thrustmeasurement\thrustmeasurement\main.c(714): warning C4996: 'sprintf': This function or variable may be unsafe. Consider using sprintf_s instead. To disable deprecation, use _CRT_SECURE_NO_WARNINGS. See online help for details.
                 c:\program files (x86)\microsoft visual studio 11.0\vc\include\stdio.h(357) : see declaration of 'sprintf'
     1>d:\work\[work_in-house tool]\thrust_measure_system\thrustmeasurement\thrustmeasurement\main.c(718): warning C4996: 'sprintf': This function or variable may be unsafe. Consider using sprintf_s instead. To disable deprecation, use _CRT_SECURE_NO_WARNINGS. See online help for details.
                 c:\program files (x86)\microsoft visual studio 11.0\vc\include\stdio.h(357) : see declaration of 'sprintf'
     1>d:\work\[work_in-house tool]\thrust_measure_system\thrustmeasurement\thrustmeasurement\main.c(726): warning C4996: 'sprintf': This function or variable may be unsafe. Consider using sprintf_s instead. To disable deprecation, use _CRT_SECURE_NO_WARNINGS. See online help for details.
                 c:\program files (x86)\microsoft visual studio 11.0\vc\include\stdio.h(357) : see declaration of 'sprintf'
     1>d:\work\[work_in-house tool]\thrust_measure_system\thrustmeasurement\thrustmeasurement\main.c(730): warning C4996: 'sprintf': This function or variable may be unsafe. Consider using sprintf_s instead. To disable deprecation, use _CRT_SECURE_NO_WARNINGS. See online help for details.
                 c:\program files (x86)\microsoft visual studio 11.0\vc\include\stdio.h(357) : see declaration of 'sprintf'
     1>d:\work\[work_in-house tool]\thrust_measure_system\thrustmeasurement\thrustmeasurement\main.c(741): warning C4996: 'sprintf': This function or variable may be unsafe. Consider using sprintf_s instead. To disable deprecation, use _CRT_SECURE_NO_WARNINGS. See online help for details.
                 c:\program files (x86)\microsoft visual studio 11.0\vc\include\stdio.h(357) : see declaration of 'sprintf'
     1>d:\work\[work_in-house tool]\thrust_measure_system\thrustmeasurement\thrustmeasurement\main.c(745): warning C4996: 'sprintf': This function or variable may be unsafe. Consider using sprintf_s instead. To disable deprecation, use _CRT_SECURE_NO_WARNINGS. See online help for details.
                 c:\program files (x86)\microsoft visual studio 11.0\vc\include\stdio.h(357) : see declaration of 'sprintf'
     1>d:\work\[work_in-house tool]\thrust_measure_system\thrustmeasurement\thrustmeasurement\main.c(755): warning C4996: 'sprintf': This function or variable may be unsafe. Consider using sprintf_s instead. To disable deprecation, use _CRT_SECURE_NO_WARNINGS. See online help for details.
                 c:\program files (x86)\microsoft visual studio 11.0\vc\include\stdio.h(357) : see declaration of 'sprintf'
     1>d:\work\[work_in-house tool]\thrust_measure_system\thrustmeasurement\thrustmeasurement\main.c(758): warning C4996: 'sprintf': This function or variable may be unsafe. Consider using sprintf_s instead. To disable deprecation, use _CRT_SECURE_NO_WARNINGS. See online help for details.
                 c:\program files (x86)\microsoft visual studio 11.0\vc\include\stdio.h(357) : see declaration of 'sprintf'
     1>d:\work\[work_in-house tool]\thrust_measure_system\thrustmeasurement\thrustmeasurement\main.c(761): warning C4996: 'sprintf': This function or variable may be unsafe. Consider using sprintf_s instead. To disable deprecation, use _CRT_SECURE_NO_WARNINGS. See online help for details.
                 c:\program files (x86)\microsoft visual studio 11.0\vc\include\stdio.h(357) : see declaration of 'sprintf'
     1>d:\work\[work_in-house tool]\thrust_measure_system\thrustmeasurement\thrustmeasurement\main.c(768): warning C4996: 'sprintf': This function or variable may be unsafe. Consider using sprintf_s instead. To disable deprecation, use _CRT_SECURE_NO_WARNINGS. See online help for details.
                 c:\program files (x86)\microsoft visual studio 11.0\vc\include\stdio.h(357) : see declaration of 'sprintf'
     1>d:\work\[work_in-house tool]\thrust_measure_system\thrustmeasurement\thrustmeasurement\main.c(774): warning C4996: 'sprintf': This function or variable may be unsafe. Consider using sprintf_s instead. To disable deprecation, use _CRT_SECURE_NO_WARNINGS. See online help for details.
                 c:\program files (x86)\microsoft visual studio 11.0\vc\include\stdio.h(357) : see declaration of 'sprintf'
     1>d:\work\[work_in-house tool]\thrust_measure_system\thrustmeasurement\thrustmeasurement\main.c(608): warning C4101: 'area' : unreferenced local variable
     1>d:\work\[work_in-house tool]\thrust_measure_system\thrustmeasurement\thrustmeasurement\main.c(892): warning C4996: 'sprintf': This function or variable may be unsafe. Consider using sprintf_s instead. To disable deprecation, use _CRT_SECURE_NO_WARNINGS. See online help for details.
                 c:\program files (x86)\microsoft visual studio 11.0\vc\include\stdio.h(357) : see declaration of 'sprintf'
     1>d:\work\[work_in-house tool]\thrust_measure_system\thrustmeasurement\thrustmeasurement\main.c(947): warning C4007: 'WinMain' : must be '__stdcall'
     1>d:\work\[work_in-house tool]\thrust_measure_system\thrustmeasurement\thrustmeasurement\main.c(947): warning C4028: formal parameter 3 different from declaration
     1>d:\work\[work_in-house tool]\thrust_measure_system\thrustmeasurement\thrustmeasurement\main.c(955): warning C4047: 'function' : 'LPCSTR' differs in levels of indirection from 'int'
     1>d:\work\[work_in-house tool]\thrust_measure_system\thrustmeasurement\thrustmeasurement\main.c(955): warning C4024: 'LoadIconA' : different types for formal and actual parameter 2
         LoadCell.c
     1>c:\program files (x86)\national instruments\shared\externalcompilersupport\c\include\nixnet.h : warning C4819: The file contains a character that cannot be represented in the current code page (949). Save the file in Unicode format to prevent data loss
         JetCat_RSP.c
     1>c:\program files (x86)\national instruments\shared\externalcompilersupport\c\include\nixnet.h : warning C4819: The file contains a character that cannot be represented in the current code page (949). Save the file in Unicode format to prevent data loss
         JetCat_CMD.c
     1>c:\program files (x86)\national instruments\shared\externalcompilersupport\c\include\nixnet.h : warning C4819: The file contains a character that cannot be represented in the current code page (949). Save the file in Unicode format to prevent data loss
         Engine_Msg_Parser.c
     1>c:\program files (x86)\national instruments\shared\externalcompilersupport\c\include\nixnet.h : warning C4819: The file contains a character that cannot be represented in the current code page (949). Save the file in Unicode format to prevent data loss
         Engine_CMD_Msg.c
     1>c:\program files (x86)\national instruments\shared\externalcompilersupport\c\include\nixnet.h : warning C4819: The file contains a character that cannot be represented in the current code page (949). Save the file in Unicode format to prevent data loss
         Generating Code...
       ResourceCompile:
         C:\Program Files (x86)\Windows Kits\8.0\bin\x86\rc.exe /l"0x0409" /nologo /fo"Debug\ThrustMeasurement.res" ThrustMeasurement.rc 
       Link:
         C:\Program Files (x86)\Microsoft Visual Studio 11.0\VC\bin\link.exe /ERRORREPORT:PROMPT /OUT:"D:\work\[work_In-House Tool]\Thrust_Measure_System\ThrustMeasurement\Debug\ThrustMeasurement.exe" /INCREMENTAL /NOLOGO /LIBPATH:"C:\Program Files (x86)\IVI Foundation\VISA\WinNT\lib\msc" /LIBPATH:"C:\Program Files (x86)\National Instruments\Shared\ExternalCompilerSupport\C\\lib32\msvc" visa32.lib nixnet.lib kernel32.lib user32.lib gdi32.lib winspool.lib comdlg32.lib advapi32.lib shell32.lib ole32.lib oleaut32.lib uuid.lib odbc32.lib odbccp32.lib /MANIFEST /MANIFESTUAC:"level='asInvoker' uiAccess='false'" /manifest:embed /DEBUG /PDB:"D:\work\[work_In-House Tool]\Thrust_Measure_System\ThrustMeasurement\Debug\ThrustMeasurement.pdb" /SUBSYSTEM:WINDOWS /TLBID:1 /DYNAMICBASE /NXCOMPAT /IMPLIB:"D:\work\[work_In-House Tool]\Thrust_Measure_System\ThrustMeasurement\Debug\ThrustMeasurement.lib" /MACHINE:X86 Debug\ThrustMeasurement.res
         Debug\Engine_CMD_Msg.obj
         Debug\Engine_Msg_Parser.obj
         Debug\JetCat_CMD.obj
         Debug\JetCat_RSP.obj
         Debug\LoadCell.obj
         Debug\main.obj
         Debug\TempSensor.obj
         ThrustMeasurement.vcxproj -> D:\work\[work_In-House Tool]\Thrust_Measure_System\ThrustMeasurement\Debug\ThrustMeasurement.exe
     1>Done Building Project "D:\work\[work_In-House Tool]\Thrust_Measure_System\ThrustMeasurement\ThrustMeasurement\ThrustMeasurement.vcxproj" (Rebuild target(s)).

Build succeeded.

Time Elapsed 00:00:03.37
